2018-02-21 11:06:51.313821: I tensorflow/core/platform/cpu_feature_guard.cc:137] Your CPU supports instructions that this TensorFlow binary was not compiled to use: SSE4.1 SSE4.2 AVX AVX2 FMA
Tensor("fully_connected/BiasAdd:0", shape=(?, 10), dtype=float32)
2.3106887
2.3100681
2.309465
2.3088753
2.3082974
2.3077385
2.307196
2.306667
2.3061552
2.3056567
2.3051782
2.3047068
2.3042545
2.3038187
2.3033965
2.3029914
2.3025968
2.3022172
2.3018532
2.3014936
2.30115
2.3008153
2.3004978
2.300186
2.2998843
2.2995918
2.2993073
2.2990336
2.2987652
2.2985058
2.2982514
2.298001
2.2977579
2.2975192
2.297284
2.297055
2.296828
2.2966056
2.2963862
2.2961745
2.295961
2.2957466
2.2955384
2.2953312
2.2951255
2.2949212
2.2947214
2.2945151
2.2943103
2.2941084
2.293904
2.2936962
2.293488
2.2932801
2.29307
2.2928584
2.2926438
2.2924259
2.2922034
2.2919812
2.2917542
2.291521
2.2912867
2.2910466
2.2907948
2.2905421
2.2902863
2.2900233
2.2897623
2.2894936
2.2892244
2.288954
2.2886755
2.2884014
2.2881246
2.2878442
2.287562
2.2872791
2.2869964
2.2867148
2.2864273
2.2861447
2.2858584
2.2855704
2.2852855
2.2849972
2.2847087
2.284416
2.2841198
2.2838233
2.283524
2.283225
2.2829235
2.2826235
2.2823195
2.2820132
2.2817082
2.2814012
2.2810895
2.2807803
2.2804687
2.2801604
2.279847
2.2795305
2.2792146
2.2788963
2.2785802
2.2782583
2.2779405
2.2776153
2.2772903
2.276964
2.2766337
2.2763102
2.2759812
2.275654
2.2753212
2.2749944
2.2746642
2.2743328
2.2739997
2.273667
2.273336
2.2730029
2.2726705
2.2723372
2.2720027
2.2716656
2.271331
2.270992
2.2706552
2.2703197
2.2699833
2.2696419
2.2693028
2.2689676
2.2686229
2.2682838
2.267943
2.2676015
2.2672546
2.2669115
2.2665648
2.266221
2.2658708
2.2655275
2.2651753
2.2648273
2.2644784
2.2641296
2.2637808
2.2634292
2.2630775
2.2627265
2.2623708
2.262012
2.2616603
2.2613032
2.260948
2.2605886
2.2602305
2.2598677
2.2595088
2.259148
2.2587829
2.2584167
2.2580512
2.2576845
2.2573166
2.25695
2.2565787
2.2562072
2.2558334
2.255462
2.255085
2.2547126
2.254336
2.253958
2.253581
2.2531998
2.2528164
2.252434
2.2520497
2.2516656
2.2512782
2.250889
2.250499
2.250104
2.2497103
2.2493098
2.248915
2.2485175
2.2481136
2.2477114
2.2473056
2.2469003
2.246491
2.2460792
2.2456667
2.2452521
2.2448366
2.2444181
2.243999
2.2435782
2.2431538
2.242729
2.2423003
2.2418704
2.24144
2.2410095
2.240577
2.2401395
2.2397015
2.239264
2.238826
2.2383823
2.23794
2.2374973
2.237053
2.2366073
2.23616
2.2357128
2.2352614
2.234812
2.2343578
2.233902
2.2334495
2.2329912
2.2325354
2.2320776
2.2316153
2.2311523
2.2306907
2.2302284
2.229763
2.2292995
2.2288306
2.228362
2.2278922
2.2274203
2.2269468
2.2264733
2.225998
2.2255218
2.2250445
2.224565
2.2240832
2.2236037
2.2231214
2.2226374
2.222154
2.2216673
2.2211807
2.2206926
2.220203
2.2197142
2.2192235
2.2187285
2.2182348
2.2177415
2.2172403
2.2167463
2.216248
2.2157497
2.2152452
2.2147453
2.2142406
2.2137341
2.2132273
2.2127237
2.2122114
2.2117043
2.211195
2.2106833
2.2101688
2.2096553
2.2091413
2.2086236
2.208106
2.2075884
2.2070687
2.2065442
2.2060227
2.2054968
2.2049747
2.204446
2.2039187
2.2033875
2.2028577
2.2023237
2.2017932
2.2012584
2.2007234
2.2001889
2.1996486
2.199107
2.1985686
2.198028
2.197484
2.1969388
2.1963902
2.1958416
2.1952944
2.1947422
2.1941888
2.193635
2.1930819
2.1925275
2.1919687
2.1914084
2.1908484
2.1902888
2.1897278
2.1891656
2.1886032
2.1880364
2.1874683
2.1869
2.1863337
2.1857624
2.1851923
2.1846223
2.1840448
2.1834676
2.1828926
2.1823144
2.1817315
2.1811514
2.1805687
2.1799877
2.1794043
2.1788175
2.1782315
2.177643
2.1770566
2.1764638
2.1758738
2.1752806
2.174689
2.1740937
2.173498
2.1729045
2.172309
2.171709
2.1711102
2.170508
2.1699073
2.1693072
2.1687026
2.1680994
2.1674948
2.1668851
2.166274
2.1656651
2.165052
2.1644387
2.1638262
2.1632135
2.1625955
2.1619833
2.161365
2.1607463
2.1601288
2.1595104
2.1588893
2.1582692
2.157648
2.1570241
2.1564045
2.15578
2.155153
2.154528
2.1539025
2.153277
2.1526473
2.1520205
2.1513894
2.1507607
2.150133
2.1495032
2.148872
2.1482444
2.1476116
2.1469805
2.1463523
2.14572
2.1450896
2.144456
2.1438224
2.143189
2.1425576
2.1419222
2.1412852
2.1406498
2.1400177
2.1393826
2.1387465
2.1381097
2.137472
2.1368396
2.1362033
2.135568
2.134933
2.134297
2.133661
2.1330261
2.1323926
2.1317573
2.1311216
2.1304874
2.1298552
2.1292183
2.128586
2.1279526
2.1273203
2.1266856
2.126055
2.1254232
2.1247911
2.124159
2.1235297
2.122899
2.1222672
2.121635
2.1210043
2.120378
2.1197455
2.1191156
2.1184876
2.117857
2.1172323
2.1166017
2.1159737
2.1153479
2.1147225
2.1140938
2.1134684
2.1128442
2.1122198
2.1115947
2.1109731
2.1103494
2.109728
2.1091065
2.1084862
2.1078656
2.1072443
2.106627
2.1060097
2.1053894
2.1047742
2.1041539
2.1035392
2.1029248
2.1023102
2.101695
2.1010838
2.1004725
2.0998566
2.0992498
2.0986373
2.0980299
2.0974205
2.0968122
2.0962052
2.095596
2.0949912
2.094386
2.0937803
2.0931766
2.092571
2.0919714
2.0913665
2.0907648
2.090162
2.0895638
2.088963
2.088364
2.087766
2.087168
2.0865703
2.085973
2.085382
2.0847824
2.0841925
2.0836003
2.0830073
2.0824163
2.0818279
2.081242
2.0806549
2.080063
2.079482
2.0788922
2.0783112
2.0777256
2.0771458
2.0765674
2.0759861
2.075407
2.0748293
2.074253
2.0736759
2.0731013
2.0725296
2.071957
2.0713854
2.0708148
2.070244
2.0696778
2.06911
2.0685432
2.0679781
2.067413
2.0668523
2.0662882
2.0657275
2.0651672
2.0646067
2.064047
2.063491
2.0629327
2.0623803
2.061826
2.0612745
2.0607228
2.060171
2.0596213
2.0590718
2.058527
2.0579813
2.0574327
2.0568936
2.0563455
2.055805
2.0552652
2.0547233
2.0541859
2.0536482
2.0531116
2.0525756
2.0520408
2.0515072
2.050975
2.050445
2.0499146
2.0493848
2.0488596
2.0483313
2.047807
2.0472803
2.0467577
2.0462356
2.0457146
2.0451946
2.0446746
2.0441575
2.0436404
2.0431242
2.0426087
2.0420957
2.0415833
2.0410714
2.0405624
2.040055
2.0395455
2.0390372
2.0385346
2.038031
2.0375223
2.0370226
2.0365205
2.036021
2.0355208
2.0350215
2.0345247
2.0340297
2.0335343
2.0330396
2.0325482
2.032056
2.0315628
2.0310714
2.030587
2.0300984
2.0296082
2.02912
2.0286348
2.0281494
2.0276659
2.0271828
2.0267024
2.026218
2.0257385
2.0252578
2.0247772
2.0243013
2.0238245
2.0233467
2.0228724
2.0223994
2.021925
2.0214517
2.0209813
2.0205085
2.0200386
2.0195704
2.019103
2.0186355
2.0181692
2.0177019
2.017236
2.016772
2.0163066
2.0158467
2.0153859
2.0149245
2.0144665
2.0140066
2.0135477
2.0130944
2.01264
2.0121846
2.0117283
2.0112746
2.010826
2.010374
2.0099242
2.0094721
2.0090244
2.0085752
2.0081303
2.0076838
2.0072384
2.0067935
2.0063496
2.0059114
2.005468
2.005029
2.0045898
2.0041506
2.003713
2.0032713
2.0028381
2.002403
2.001968
2.001535
2.0011027
2.0006697
2.00024
1.9998085
1.9993788
1.9989482
1.9985222
1.9980932
1.9976683
1.9972436
1.9968208
1.9963938
1.9959755
1.9955556
1.9951344
1.9947169
1.9942981
1.9938793
1.9934636
1.9930485
1.9926344
1.992219
1.9918063
1.9913943
1.9909847
1.9905742
1.9901642
1.9897531
1.989347
1.9889407
1.9885308
1.9881277
1.98772
1.987319
1.9869177
1.986512
1.9861149
1.9857146
1.9853159
1.9849178
1.9845222
1.9841254
1.9837284
1.9833347
1.9829407
1.9825466
1.9821578
1.9817638
1.9813734
1.9809839
1.9805943
1.9802064
1.979818
1.9794302
1.9790444
1.9786599
1.9782758
1.9778951
1.9775136
1.9771324
1.9767525
1.976372
1.9759928
1.9756145
1.9752412
1.9748651
1.9744917
1.9741172
1.9737432
1.9733759
1.9730067
1.972637
1.972268
1.9719015
1.9715328
1.9711698
1.9708062
1.9704427
1.9700813
1.9697185
1.969357
1.9689966
1.9686363
1.9682796
1.9679201
1.9675652
1.9672077
1.9668539
1.966498
1.9661424
1.9657868
1.9654353
1.9650836
1.9647325
1.9643798
1.9640315
1.963679
1.9633343
1.962985
1.9626335
1.9622867
1.9619404
1.9615915
1.9612452
1.9609005
1.960555
1.9602102
1.9598665
1.9595209
1.9591792
1.9588354
1.9584941
1.9581498
1.9578078
1.9574635
1.9571161
1.9567732
1.9564273
1.956087
1.9557453
1.9554063
1.9550658
1.9547261
1.9543904
1.9540536
1.9537182
1.9533861
1.9530538
1.9527255
1.9524
1.9520729
1.9517487
1.9514232
1.951098
1.9507761
1.9504536
1.9501326
1.9498119
1.9494895
1.9491695
1.9488487
1.9485298
1.9482106
1.9478924
1.9475764
1.9472591
1.9469445
1.946626
1.9463147
1.9459974
1.9456848
1.9453726
1.9450587
1.9447505
1.9444348
1.9441257
1.9438157
1.9435033
1.943196
1.9428908
1.942582
1.9422755
1.9419675
1.9416646
1.9413588
1.9410534
1.9407495
1.940444
1.9401424
1.9398388
1.9395388
1.9392349
1.9389364
1.9386355
1.9383348
1.9380348
1.9377385
1.9374417
1.9371419
1.9368477
1.9365518
1.9362551
1.9359602
1.9356654
1.935369
1.9350768
1.9347837
1.9344894
1.9341977
1.9339036
1.9336137
1.9333215
1.9330299
1.9327406
1.932451
1.9321643
1.9318733
1.9315872
1.9313
1.9310144
1.93073
1.9304444
1.9301575
1.9298726
1.929589
1.9293061
1.9290227
1.9287401
1.9284569
1.928176
1.9278936
1.9276139
1.9273323
1.9270527
1.9267737
1.926495
1.9262156
1.925938
1.9256623
1.9253843
1.9251099
1.9248344
1.9245565
1.9242827
1.9240081
1.9237336
1.9234611
1.9231852
1.9229122
1.9226396
1.9223697
1.9220963
1.9218262
1.9215539
1.9212854
1.921013
1.9207456
1.920479
1.9202086
1.9199413
1.919671
1.9194053
1.9191359
1.9188685
1.9186021
1.9183323
1.9180659
1.9178009
1.9175339
1.9172711
1.9170058
1.9167378
1.9164752
1.91621
1.9159468
1.9156837
1.9154178
1.9151591
1.914894
1.9146311
1.9143727
1.9141105
1.9138477
1.9135894
1.9133291
1.913068
1.912811
1.9125531
1.9122944
1.9120371
1.9117781
1.9115199
1.9112629
1.9110044
1.9107498
1.9104937
1.910238
1.9099804
1.9097263
1.909474
1.9092175
1.9089646
1.9087081
1.908456
1.9082005
1.907948
1.9076942
1.9074429
1.9071907
1.9069395
1.9066858
1.9064361
1.9061825
1.9059341
1.9056824
1.9054326
1.9051831
1.9049307
1.9046831
1.9044329
1.9041835
1.9039341
1.9036859
1.9034357
1.9031881
1.9029437
1.9026942
1.9024457
1.9021995
1.9019508
1.9017049
1.9014587
1.901213
1.9009675
1.9007237
1.9004766
1.9002346
1.899988
1.8997412
1.8994974
1.8992536
1.8990096
1.8987682
1.8985232
1.8982792
1.898038
1.897794
1.8975531
1.8973101
1.8970668
1.8968264
1.8965856
1.896343
1.8961036
1.8958635
1.8956248
1.8953836
1.8951447
1.8949054
1.8946651
1.894427
1.8941878
1.8939495
1.8937122
1.8934753
1.8932354
1.8929988
1.8927602
1.8925245
1.892289
1.8920516
1.891817
1.8915821
1.891346
1.8911127
1.8908795
1.8906446
1.8904101
1.8901765
1.8899454
1.8897094
1.8894781
1.889244
1.889013
1.8887787
1.8885466
1.8883166
1.8880857
1.8878566
1.887626
1.8873985
1.8871688
1.8869369
1.8867068
1.8864763
1.8862448
1.8860172
1.8857883
1.8855588
1.885331
1.8851006
1.8848717
1.8846458
1.8844185
1.8841922
1.8839656
1.8837396
1.8835107
1.8832849
1.8830596
1.8828337
1.8826052
1.8823835
1.8821545
1.881932
1.8817072
1.8814815
1.8812565
1.8810334
1.8808085
1.8805846
1.8803612
1.8801366
1.8799125
1.8796909
1.8794671
1.8792449
1.8790214
1.8787994
1.8785765
1.8783535
1.8781304
1.8779095
1.8776861
1.8774649
1.877243
1.8770233
1.8767995
1.8765781
1.8763602
1.876139
1.8759147
1.8756946
1.8754765
1.8752571
1.8750383
1.8748169
1.8745998
1.8743796
1.874163
1.8739443
1.8737271
1.8735086
1.8732916
1.8730747
1.8728577
1.8726395
1.8724258
1.8722076
1.8719916
1.8717735
1.8715608
1.8713437
1.8711272
1.8709129
1.8706995
1.8704826
1.8702692
1.8700547
1.8698407
1.8696258
1.869411
1.8691984
1.8689858
1.8687731
1.8685591
1.8683474
1.868136
1.8679216
1.8677117
1.8674996
1.8672855
1.8670708
1.8668615
1.8666489
1.8664384
1.8662254
1.8660146
1.8658055
1.8655932
1.8653843
1.8651721
1.8649632
1.8647528
1.8645419
1.8643341
1.8641248
1.8639159
1.8637065
1.8634958
1.8632898
1.8630803
1.8628743
1.8626629
1.8624557
1.8622473
1.8620409
1.8618349
1.8616282
1.8614215
1.8612124
1.8610073
1.8608018
1.8605937
1.8603863
1.8601805
1.859976
1.8597692
1.8595653
1.859357
1.8591526
1.8589487
1.8587418
1.858537
1.858332
1.8581314
1.8579237
1.8577182
1.8575144
1.8573124
1.8571082
1.8569047
1.8566995
1.8564988
1.8562961
1.8560913
1.8558879
1.8556844
1.8554834
1.8552781
1.8550776
1.8548756
1.8546729
1.8544701
1.8542696
1.8540674
1.8538646
1.853662
1.853462
1.8532586
1.8530588
1.8528585
1.8526535
1.8524544
1.8522539
1.8520535
1.8518543
1.8516535
1.8514539
1.8512536
1.8510534
1.8508556
1.850656
1.8504572
1.850256
1.8500566
1.8498554
1.8496568
1.8494577
1.8492581
1.8490593
1.8488604
1.8486611
1.8484659
1.8482646
1.8480651
1.8478693
1.8476685
1.8474737
1.8472708
1.8470763
1.8468745
1.8466802
1.846482
1.8462834
1.8460894
1.8458953
1.8457031
1.845506
1.8453106
1.8451151
1.84492
1.8447281
1.8445294
1.8443346
1.8441406
1.8439459
1.8437486
1.8435566
1.843363
1.8431691
1.8429755
1.8427807
1.842589
1.8423934
1.8422005
1.842006
1.841814
1.841622
1.8414258
1.8412329
1.841043
1.8408502
1.8406566
1.8404632
1.8402718
1.840081
1.8398906
1.8396999
1.839507
1.839317
1.8391249
1.8389333
1.8387417
1.8385524
1.83836
1.8381687
1.8379802
1.8377881
1.8375998
1.8374099
1.8372185
1.8370321
1.8368422
1.836649
1.836464
1.8362714
1.8360844
1.835894
1.8357065
1.8355207
1.8353302
1.8351429
1.8349559
1.8347673
1.8345815
1.8343935
1.8342054
1.8340185
1.8338315
1.8336447
1.8334585
1.8332711
1.8330843
1.8328992
1.8327117
1.8325257
1.8323385
1.8321539
1.8319664
1.8317789
1.8315911
1.8314075
1.8312207
1.8310353
1.8308489
1.8306632
1.8304763
1.8302913
1.8301075
1.8299212
1.8297365
1.8295512
1.8293661
1.8291831
1.8289967
1.8288121
1.8286264
1.828441
1.8282573
1.82807
1.8278854
1.827699
1.8275156
1.8273296
1.8271412
1.826958
1.8267716
1.8265891
1.8264049
1.8262242
1.8260418
1.8258557
1.8256736
1.8254894
1.8253065
1.8251219
1.8249371
1.8247577
1.8245754
1.8243908
1.8242109
1.8240274
1.8238456
1.8236632
1.8234822
1.8232976
1.8231175
1.822935
1.8227544
1.8225725
1.8223896
1.8222073
1.8220276
1.8218479
1.8216665
1.8214836
1.8213032
1.8211237
1.8209444
1.8207614
1.820581
1.8204018
1.8202213
1.8200415
1.8198612
1.8196818
1.8195037
1.8193202
1.8191442
1.8189638
1.8187857
1.8186045
1.8184279
1.8182482
1.8180685
1.8178905
1.8177112
1.8175356
1.8173565
1.8171785
1.8169978
1.8168223
1.8166449
1.8164663
1.81629
1.8161114
1.8159337
1.8157601
1.8155824
1.8154062
1.8152279
1.8150479
1.8148755
1.8146963
1.814519
1.8143429
1.8141654
1.813989
1.8138151
1.8136399
1.8134636
1.8132849
1.8131105
1.8129333
1.8127577
1.8125819
1.8124095
1.8122318
1.8120574
1.8118833
1.8117064
1.8115342
1.811357
1.8111829
1.8110082
1.8108329
1.8106586
1.810483
1.8103085
1.8101332
1.8099594
1.8097847
1.8096075
1.8094356
1.8092611
1.8090838
1.8089123
1.8087375
1.8085641
1.808388
1.808214
1.8080401
1.8078663
1.8076922
1.8075173
1.8073461
1.8071735
1.8069992
1.806825
1.8066525
1.8064803
1.806307
1.8061357
1.8059628
1.8057894
1.8056179
1.8054469
1.8052727
1.8051038
1.8049302
1.8047599
1.804591
1.80442
1.8042461
1.8040788
1.8039054
1.8037338
1.8035642
1.8033942
1.8032242
1.8030537
1.8028823
1.8027145
1.8025424
1.8023727
1.8022037
1.8020357
1.8018651
1.8016938
1.8015289
1.8013579
1.8011888
1.8010206
1.8008548
1.8006847
1.8005148
1.8003476
1.8001796
1.8000104
1.7998441
1.7996774
1.7995104
1.7993418
1.7991763
1.7990099
1.7988448
1.7986768
1.7985096
1.7983451
1.7981786
1.7980127
1.7978482
1.7976841
1.7975154
1.797349
1.7971846
1.7970191
1.7968513
1.7966859
1.7965213
1.7963576
1.7961907
1.7960253
1.7958616
1.7956953
1.7955307
1.7953633
1.7951983
1.7950342
1.7948713
1.7947092
1.7945424
1.7943789
1.7942151
1.7940513
1.7938879
1.7937242
1.7935604
1.7933959
1.7932345
1.7930706
1.7929068
1.7927454
1.7925808
1.7924156
1.7922573
1.7920941
1.7919316
1.7917695
1.7916079
1.7914422
1.7912831
1.7911216
1.7909579
1.7907989
1.790638
1.7904755
1.7903166
1.7901558
1.7899952
1.7898362
1.7896734
1.7895114
1.7893513
1.7891926
1.7890333
1.7888694
1.7887105
1.7885509
1.7883888
1.7882315
1.788073
1.7879127
1.7877533
1.7875929
1.787435
1.7872754
1.7871159
1.7869579
1.7868003
1.7866409
1.7864823
1.7863258
1.7861667
1.7860087
1.7858492
1.7856934
1.7855337
1.7853802
1.7852213
1.7850646
1.784906
1.7847521
1.7845958
1.7844348
1.7842827
1.7841256
1.7839712
1.7838143
1.7836604
1.7835042
1.7833482
1.7831919
1.783038
1.7828816
1.7827251
1.7825698
1.7824159
1.7822627
1.782105
1.7819498
1.7817945
1.7816391
1.7814848
1.7813289
1.7811744
1.7810199
1.7808659
1.7807126
1.7805556
1.7803978
1.7802477
1.7800924
1.7799367
1.7797832
1.7796279
1.7794747
1.7793231
1.7791681
1.7790161
1.7788613
1.778711
1.7785579
1.7784038
1.7782508
1.7780992
1.7779464
1.777794
1.7776421
1.7774915
1.7773412
1.7771903
1.7770381
1.776887
1.7767352
1.7765849
1.776436
1.776283
1.7761335
1.7759857
1.7758347
1.7756845
1.7755357
1.7753845
1.775234
1.7750885
1.7749373
1.7747886
1.7746389
1.7744935
1.7743443
1.7741966
1.7740475
1.773898
1.7737509
1.7736046
1.7734525
1.7733078
1.7731596
1.7730114
1.7728641
1.7727176
1.7725708
1.7724258
1.772278
1.7721312
1.7719849
1.7718394
1.7716906
1.7715455
1.7713974
1.7712526
1.7711071
1.7709606
1.7708161
1.7706685
1.7705216
1.7703769
1.7702304
1.7700862
1.7699382
1.7697947
1.7696496
1.7695036
1.7693586
1.7692156
1.769068
1.7689232
1.7687811
1.7686347
1.7684903
1.7683454
1.7682014
1.7680603
1.767914
1.7677674
1.7676274
1.7674825
1.7673393
1.7671956
1.76705
1.7669069
1.766763
1.7666211
1.7664773
1.7663367
1.7661906
1.766048
1.7659062
1.7657634
1.7656195
1.7654796
1.7653363
1.7651964
1.7650534
1.7649118
1.764767
1.7646284
1.7644842
1.764342
1.7641997
1.7640609
1.7639178
1.7637771
1.7636362
1.7634932
1.763356
1.7632122
1.7630711
1.7629309
1.7627912
1.7626497
1.7625085
1.7623655
1.7622281
1.7620862
1.7619466
1.7618085
1.761668
1.7615284
1.7613883
1.7612531
1.7611126
1.7609717
1.7608323
1.7606956
1.7605559
1.7604176
1.7602787
1.7601393
1.7600019
1.7598634
1.7597243
1.7595854
1.7594471
1.759311
1.7591733
1.7590351
1.758895
1.7587609
1.7586209
1.7584842
1.7583463
1.758211
1.7580726
1.7579349
1.7577957
1.7576612
1.7575232
1.7573881
1.7572492
1.7571149
1.756976
1.7568398
1.7567028
1.7565672
1.7564315
1.7562945
1.7561599
1.7560229
1.7558857
1.7557518
1.7556163
1.755479
1.7553458
1.7552091
1.7550752
1.7549393
1.7548028
1.7546666
1.7545333
1.7543988
1.7542647
1.7541292
1.7539935
1.7538581
1.7537266
1.7535917
1.7534571
1.7533216
1.753188
1.753055
1.7529212
1.7527875
1.7526548
1.7525203
1.7523892
1.752254
1.7521213
1.7519872
1.7518557
1.7517222
1.7515905
1.751457
1.7513243
1.7511922
1.7510579
1.7509255
1.7507926
1.750663
1.7505293
1.7503974
1.7502655
1.7501327
1.7500011
1.7498676
1.7497376
1.7496057
1.7494745
1.7493433
1.7492112
1.749079
1.7489477
1.7488166
1.748686
1.7485541
1.7484225
1.7482895
1.7481592
1.7480247
1.7478983
1.7477651
1.7476362
1.7475046
1.7473733
1.7472416
1.7471101
1.7469786
1.7468513
1.746719
1.74659
1.7464594
1.7463317
1.7461987
1.74607
1.7459385
1.7458088
1.7456771
1.7455487
1.7454203
1.7452896
1.7451605
1.7450302
1.7449018
1.7447704
1.7446415
1.7445122
1.7443837
1.744252
1.7441235
1.7439961
1.7438654
1.7437367
1.7436078
1.7434772
1.7433491
1.7432195
1.7430906
1.7429626
1.7428322
1.7427031
1.7425745
1.7424476
1.7423192
1.7421907
1.7420644
1.7419336
1.7418041
1.7416768
1.7415497
1.741422
1.7412934
1.741166
1.7410393
1.7409112
1.7407839
1.740658
1.7405294
1.7404008
1.740275
1.740147
1.7400196
1.7398912
1.7397634
1.7396382
1.7395102
1.7393839
1.7392596
1.7391312
1.7390057
1.7388769
1.7387506
1.7386243
1.7385004
1.7383716
1.7382435
1.7381175
1.7379943
1.7378653
1.7377408
1.7376124
1.7374841
1.7373601
1.737233
1.7371087
1.7369821
1.7368557
1.7367318
1.7366045
1.7364768
1.7363522
1.736228
1.736101
1.7359756
1.7358515
1.7357258
1.7355992
1.7354714
1.7353487
1.7352233
1.735098
1.7349727
1.7348477
1.7347221
1.7345964
1.7344726
1.7343457
1.7342209
1.7340971
1.7339705
1.7338432
1.7337202
1.7335956
1.7334716
1.7333448
1.7332205
1.7330964
1.7329729
1.7328463
1.7327229
1.7325975
1.732473
1.7323489
1.7322241
1.7320954
1.7319742
1.7318522
1.7317239
1.7316004
1.7314737
1.731351
1.7312255
1.7310987
1.7309754
1.7308502
1.730726
1.7306006
1.730476
1.730354
1.730225
1.730102
1.7299792
1.7298548
1.7297323
1.7296063
1.7294822
1.729359
1.7292353
1.7291095
1.7289865
1.728863
1.7287401
1.7286156
1.7284921
1.7283664
1.7282455
1.7281221
1.7279968
1.7278737
1.7277484
1.7276262
1.7275037
1.7273792
1.7272569
1.7271336
1.7270112
1.726887
1.7267641
1.7266427
1.7265198
1.7263979
1.7262745
1.7261523
1.7260313
1.7259048
1.7257826
1.7256615
1.7255409
1.7254158
1.7252914
1.7251725
1.7250484
1.7249253
1.7248021
1.7246791
1.7245598
1.7244353
1.7243135
1.7241925
1.7240688
1.7239476
1.7238243
1.7237015
1.7235812
1.7234591
1.7233355
1.7232131
1.72309
1.7229682
1.7228472
1.7227244
1.7225989
1.722479
1.7223579
1.7222365
1.7221135
1.7219942
1.7218714
1.7217494
1.7216291
1.7215073
1.7213857
1.7212657
1.7211446
1.721024
1.7209029
1.7207823
1.720661
1.7205415
1.7204211
1.7203013
1.7201807
1.7200625
1.719942
1.71982
1.7197014
1.7195807
1.7194617
1.7193414
1.7192246
1.7191031
1.7189844
1.7188659
1.7187469
1.7186288
1.7185072
1.7183892
1.7182692
1.7181528
1.7180328
1.7179147
1.7177951
1.7176774
1.7175612
1.717443
1.7173232
1.7172049
1.7170904
1.7169714
1.7168531
1.7167367
1.7166188
1.7165021
1.7163849
1.7162659
1.7161502
1.7160348
1.7159159
1.7158011
1.7156838
1.7155654
1.7154496
1.715333
1.7152197
1.7151016
1.7149853
1.7148706
1.7147534
1.714635
1.7145207
1.7144039
1.714288
1.7141715
1.7140546
1.7139386
1.7138253
1.7137065
1.7135915
1.7134732
1.7133579
1.7132422
1.7131251
1.7130116
1.7128953
1.7127763
1.7126607
1.7125429
1.71243
1.712312
1.7121973
1.7120824
1.711965
1.711849
1.7117351
1.7116193
1.7115052
1.7113895
1.7112705
1.7111547
1.7110417
1.7109267
1.7108088
1.7106942
1.7105776
1.7104644
1.7103502
1.7102315
1.7101166
1.7100036
1.7098875
1.709771
1.7096565
1.7095399
1.7094271
1.7093109
1.7091935
1.7090794
1.7089635
1.7088507
1.7087343
1.7086195
1.7085043
1.7083901
1.7082771
1.7081608
1.7080466
1.7079328
1.7078192
1.7077063
1.7075868
1.707474
1.7073578
1.7072448
1.707129
1.7070161
1.7069006
1.7067863
1.706671
1.7065557
1.706445
1.7063302
1.7062159
1.7061003
1.7059876
1.7058731
1.7057614
1.7056469
1.7055328
1.7054197
1.7053021
1.7051916
1.7050766
1.7049619
1.7048478
1.7047321
1.7046182
1.7045019
1.7043875
1.7042729
1.7041578
1.7040435
1.7039309
1.7038168
1.7037032
1.7035888
1.7034734
1.7033631
1.7032479
1.7031366
1.7030232
1.702909
1.7027972
1.7026817
1.702571
1.7024565
1.7023456
1.7022336
1.7021203
1.7020086
1.7018974
1.7017828
1.7016687
1.7015581
1.7014467
1.7013346
1.7012243
1.7011123
1.7009983
1.700888
1.700777
1.7006649
1.7005522
1.700438
1.700329
1.7002164
1.700106
1.6999953
1.6998825
1.699773
1.6996614
1.69955
1.6994386
1.6993297
1.699217
1.6991082
1.6989954
1.6988865
1.6987762
1.6986657
1.6985534
1.6984451
1.6983312
1.6982222
1.698113
1.6980019
1.6978927
1.6977799
1.6976726
1.6975623
1.6974537
1.6973436
1.6972357
1.697127
1.697019
1.6969097
1.6968005
1.6966901
1.6965815
1.6964716
1.6963649
1.696255
1.6961489
1.696039
1.6959304
1.6958207
1.6957115
1.695605
1.6954974
1.6953874
1.695281
1.695172
1.6950634
1.6949555
1.6948459
1.694738
1.6946309
1.6945229
1.6944137
1.694306
1.6941999
1.6940917
1.6939844
1.6938761
1.6937698
1.6936626
1.693557
1.6934485
1.6933407
1.6932341
1.6931269
1.6930203
1.6929132
1.6928076
1.6927013
1.6925935
1.6924887
1.6923795
1.6922745
1.6921687
1.6920631
1.6919563
1.6918523
1.6917427
1.691638
1.6915338
1.6914262
1.6913216
1.6912162
1.6911108
1.691005
1.690899
1.6907957
1.6906908
1.690586
1.6904808
1.6903727
1.6902704
1.6901642
1.6900594
1.6899555
1.6898506
1.6897477
1.6896442
1.6895375
1.6894325
1.6893287
1.6892244
1.6891202
1.6890154
1.6889117
1.6888072
1.6887044
1.6885991
1.6884946
1.6883886
1.688287
1.6881808
1.6880784
1.687976
1.6878713
1.6877669
1.6876612
1.6875578
1.6874564
1.6873523
1.6872493
1.6871457
1.6870432
1.6869391
1.6868356
1.6867334
1.686631
1.6865282
1.686425
1.6863207
1.6862189
1.6861159
1.686012
1.6859093
1.685808
1.6857059
1.6856028
1.6854987
1.6853999
1.6852967
1.6851927
1.68509
1.6849877
1.6848865
1.684782
1.6846774
1.6845744
1.6844732
1.6843741
1.6842703
1.6841689
1.6840664
1.6839626
1.6838608
1.6837589
1.6836591
1.6835569
1.6834544
1.6833515
1.6832484
1.6831491
1.6830474
1.6829455
1.6828468
1.6827427
1.6826417
1.6825404
1.6824409
1.6823404
1.6822373
1.6821373
1.6820357
1.6819354
1.6818348
1.6817346
1.6816323
1.6815333
1.6814317
1.6813335
1.6812338
1.6811324
1.6810305
1.6809318
1.6808316
1.6807327
1.6806328
1.6805339
1.6804323
1.6803354
1.680232
1.6801335
1.6800369
1.6799345
1.6798353
1.6797366
1.679637
1.6795367
1.679439
1.6793401
1.6792421
1.6791439
1.6790438
1.6789438
1.6788454
1.6787485
1.6786498
1.6785511
1.6784537
1.6783541
1.678255
1.6781573
1.6780615
1.6779622
1.6778637
1.677768
1.67767
1.677572
1.6774716
1.677376
1.6772783
1.6771808
1.6770841
1.6769861
1.6768888
1.6767933
1.6766956
1.6765975
1.6765
1.6764058
1.6763065
1.6762108
1.6761117
1.6760172
1.6759198
1.67582
1.6757265
1.6756305
1.6755348
1.6754371
1.6753398
1.6752439
1.6751468
1.6750504
1.6749582
1.6748607
1.6747662
1.6746682
1.6745721
1.6744776
1.6743802
1.6742841
1.6741884
1.6740932
1.674
1.6739055
1.6738083
1.6737138
1.6736197
1.6735246
1.6734278
1.6733351
1.673241
1.6731452
1.673051
1.6729552
1.6728599
1.6727678
1.6726711
1.6725781
1.672483
1.6723914
1.6722947
1.6722002
1.6721077
1.6720138
1.6719184
1.6718242
1.6717324
1.6716394
1.6715477
1.6714529
1.6713607
1.6712669
1.6711735
1.6710815
1.6709886
1.670895
1.6708034
1.6707062
1.6706166
1.670525
1.6704311
1.6703385
1.670247
1.6701525
1.6700593
1.6699681
1.6698782
1.6697849
1.6696917
1.6696013
1.6695073
1.6694152
1.6693238
1.669232
1.6691425
1.6690487
1.6689557
1.6688654
1.6687752
1.6686809
1.6685916
1.6684996
1.6684095
1.6683154
1.668227
1.6681341
1.6680434
1.6679521
1.6678593
1.6677693
1.6676792
1.6675857
1.6674954
1.6674033
1.667312
1.6672225
1.6671299
1.6670414
1.6669507
1.6668591
1.6667674
1.6666771
1.6665857
1.6664941
1.6664023
1.6663104
1.6662205
1.6661289
1.666038
1.6659495
1.6658558
1.6657656
1.6656735
1.665587
1.6654966
1.6654048
1.6653153
1.6652263
1.6651351
1.6650456
1.6649557
1.664868
1.6647791
1.6646925
1.6646028
1.6645145
1.6644251
1.6643354
1.6642469
1.6641575
1.6640738
1.6639805
1.6638924
1.6638033
1.663715
1.6636252
1.6635383
1.663448
1.6633596
1.6632718
1.6631833
1.6630948
1.6630075
1.6629193
1.6628321
1.6627434
1.6626589
1.6625698
1.6624806
1.6623927
1.662307
1.6622198
1.6621308
1.662045
1.6619579
1.6618698
1.6617819
1.6616971
1.6616112
1.6615224
1.6614357
1.6613475
1.6612614
1.661177
1.6610882
1.6610017
1.6609159
1.6608303
1.6607414
1.6606554
1.6605719
1.6604835
1.660395
1.6603099
1.6602253
1.6601373
1.6600515
1.659966
1.6598781
1.659794
1.659707
1.6596187
1.6595322
1.6594466
1.6593603
1.6592739
1.6591886
1.6591034
1.6590157
1.6589339
1.6588453
1.6587589
1.6586767
1.6585888
1.6585021
1.6584176
1.6583346
1.6582484
1.6581635
1.658077
1.657993
1.6579071
1.6578212
1.657737
1.6576525
1.6575656
1.6574817
1.6573982
1.6573125
1.657226
1.6571423
1.6570573
1.6569748
1.6568892
1.6568036
1.6567193
1.6566359
1.6565521
1.6564677
1.656383
1.6563005
1.6562172
1.6561323
1.6560512
1.6559651
1.6558815
1.6557989
1.655714
1.6556325
1.6555482
1.6554654
1.6553799
1.6552974
1.6552156
1.6551338
1.6550514
1.6549668
1.6548852
1.6548005
1.6547195
1.6546375
1.6545552
1.6544746
1.6543903
1.6543083
1.6542268
1.654145
1.6540638
1.6539813
1.6539026
1.6538193
1.6537361
1.6536571
1.6535721
1.653492
1.6534082
1.6533277
1.6532465
1.6531656
1.6530851
1.6530052
1.652922
1.6528395
1.6527582
1.6526793
1.6525983
1.6525179
1.652436
1.6523556
1.6522737
1.6521943
1.6521132
1.6520313
1.6519519
1.6518724
1.6517905
1.6517102
1.6516292
1.6515489
1.6514666
1.6513896
1.6513069
1.6512258
1.6511444
1.651064
1.6509857
1.6509031
1.6508253
1.6507435
1.6506641
1.6505806
1.6505021
1.6504221
1.650343
1.6502618
1.650182
1.6501011
1.6500217
1.6499431
1.649863
1.6497821
1.6497018
1.6496211
1.6495411
1.649463
1.649382
1.6493027
1.6492224
1.6491421
1.6490635
1.6489847
1.6489047
1.6488259
1.6487427
1.6486638
1.6485822
1.648504
1.6484249
1.6483443
1.6482636
1.6481831
1.6481029
1.6480241
1.6479435
1.6478647
1.6477839
1.6477034
1.6476244
1.6475451
1.6474644
1.6473836
1.6473031
1.6472261
1.6471448
1.6470673
1.6469887
1.6469111
1.6468338
1.6467556
1.6466781
1.6466004
1.6465203
1.646443
1.6463671
1.6462893
1.6462108
1.646133
1.646057
1.6459795
1.6459016
1.6458244
1.6457474
1.6456716
1.6455925
1.6455148
1.6454355
1.6453599
1.6452847
1.645207
1.6451284
1.6450522
1.6449755
1.6448997
1.6448221
1.6447457
1.6446693
1.6445925
1.6445167
1.6444414
1.6443629
1.6442863
1.6442099
1.6441344
1.6440566
1.6439828
1.643907
1.6438297
1.6437526
1.6436774
1.6436024
1.6435233
1.6434494
1.6433742
1.6432959
1.6432215
1.6431429
1.6430665
1.6429935
1.6429154
1.6428381
1.642763
1.6426843
1.6426115
1.6425368
1.6424586
1.6423836
1.6423104
1.6422315
1.642156
1.6420791
1.6420037
1.6419287
1.6418533
1.6417785
1.6417034
1.6416272
1.6415497
1.6414763
1.6414018
1.6413258
1.6412524
1.6411744
1.6411003
1.641025
1.6409492
1.6408734
1.6408006
1.6407247
1.6406473
1.640575
1.6404996
1.6404265
1.6403482
1.6402748
1.6402016
1.6401263
1.6400502
1.6399777
1.6399016
1.6398281
1.6397529
1.6396794
1.6396056
1.6395286
1.6394546
1.6393797
1.6393086
1.6392337
1.6391597
1.6390849
1.639012
1.6389359
1.6388637
1.638789
1.6387174
1.6386424
1.6385695
1.6384948
1.6384215
1.6383485
1.6382731
1.6382006
1.6381276
1.6380532
1.6379817
1.6379066
1.6378342
1.6377629
1.6376864
1.6376138
1.6375419
1.6374667
1.637393
1.6373212
1.6372498
1.6371773
1.637104
1.6370294
1.6369563
1.6368837
1.6368147
1.636739
1.6366677
1.6365955
1.6365231
1.6364503
1.6363795
1.6363053
1.6362338
1.6361603
1.6360879
1.6360147
1.6359409
1.6358694
1.6357982
1.6357248
1.6356508
1.63558
1.6355069
1.6354351
1.6353638
1.6352909
1.6352187
1.6351451
1.6350727
1.6350001
1.6349266
1.6348552
1.6347824
1.6347109
1.6346385
1.6345651
1.6344951
1.6344223
1.6343504
1.6342791
1.6342069
1.6341352
1.6340632
1.6339923
1.6339198
1.6338487
1.6337775
1.6337062
1.6336335
1.6335652
1.6334915
1.6334208
1.6333507
1.6332784
1.6332073
1.6331353
1.6330636
1.6329943
1.6329222
1.6328534
1.6327814
1.6327084
1.6326406
1.6325665
1.6324974
1.6324266
1.632356
1.6322864
1.6322104
1.6321409
1.6320711
1.6320027
1.631931
1.6318595
1.6317892
1.6317179
1.6316478
1.6315774
1.6315053
1.6314365
1.631366
1.6312957
1.6312246
1.6311566
1.6310867
1.6310154
1.6309452
1.6308725
1.6308044
1.6307352
1.6306648
1.6305945
1.6305274
1.6304551
1.6303865
1.6303159
1.6302469
1.6301792
1.6301081
1.6300393
1.6299708
1.6299003
1.6298319
1.6297637
1.6296937
1.6296263
1.6295586
1.629488
1.6294222
1.6293534
1.6292839
1.6292158
1.6291487
1.6290795
1.6290108
1.6289443
1.6288742
1.6288068
1.6287391
1.6286714
1.6286008
1.6285328
1.6284661
1.6283982
1.6283311
1.6282632
1.6281937
1.6281266
1.6280569
1.6279908
1.6279218
1.6278558
1.6277863
1.627722
1.6276505
1.6275834
1.6275175
1.6274493
1.6273823
1.6273167
1.6272491
1.62718
1.6271148
1.6270468
1.6269796
1.6269131
1.626845
1.6267769
1.626712
1.6266446
1.6265789
1.6265131
1.6264452
1.6263791
1.626311
1.626245
1.6261773
1.626113
1.626047
1.625981
1.6259122
1.6258456
1.6257807
1.625713
1.6256466
1.6255783
1.6255127
1.6254435
1.6253791
1.6253096
1.6252444
1.6251739
1.6251078
1.6250387
1.6249707
1.6249068
1.6248388
1.6247725
1.6247102
1.6246428
1.6245809
1.6245128
1.6244458
1.6243806
1.6243143
1.6242503
1.624183
1.6241175
1.6240526
1.6239897
1.6239221
1.6238575
1.6237901
1.6237268
1.6236612
1.6235989
1.6235322
1.623466
1.6234016
1.623338
1.6232716
1.6232066
1.6231422
1.6230766
1.6230139
1.622947
1.6228837
1.6228173
1.6227545
1.6226859
1.6226224
1.6225598
1.6224948
1.6224297
1.622368
1.6223007
1.6222368
1.6221733
1.6221098
1.6220437
1.6219808
1.6219165
1.6218526
1.621787
1.6217208
1.6216565
1.6215948
1.6215304
1.6214653
1.621401
1.6213388
1.6212728
1.6212099
1.6211483
1.6210815
1.6210191
1.6209537
1.6208897
1.6208253
1.6207613
1.620698
1.6206341
1.6205703
1.6205081
1.6204436
1.6203794
1.6203166
1.6202518
1.6201893
1.620125
1.6200635
1.6199967
1.6199336
1.6198716
1.619807
1.6197453
1.619681
1.6196188
1.619556
1.6194915
1.6194274
1.6193681
1.6193016
1.6192391
1.6191758
1.6191133
1.6190503
1.6189879
1.6189232
1.6188607
1.6187963
1.6187353
1.6186739
1.6186092
1.6185488
1.618484
1.6184217
1.6183598
1.6182984
1.6182326
1.618171
1.6181076
1.6180451
1.617984
1.6179234
1.6178592
1.6177967
1.6177346
1.6176724
1.617612
1.617549
1.6174872
1.6174232
1.6173614
1.6172998
1.6172386
1.6171725
1.617111
1.6170502
1.6169888
1.6169275
1.6168656
1.6168028
1.6167413
1.6166776
1.616617
1.6165551
1.6164933
1.6164308
1.6163675
1.6163087
1.616245
1.6161829
1.6161196
1.6160609
1.6159978
1.6159346
1.6158731
1.6158135
1.6157521
1.6156892
1.6156279
1.6155663
1.6155056
1.6154441
1.6153806
1.6153214
1.6152571
1.6151972
1.6151358
1.6150743
1.6150104
1.6149518
1.6148883
1.6148269
1.614765
1.6147029
1.6146429
1.6145824
1.6145201
1.6144563
1.6143961
1.6143357
1.6142743
1.6142143
1.6141517
1.6140898
1.6140275
1.6139667
1.6139054
1.6138449
1.6137841
1.6137215
1.6136612
1.6135992
1.6135367
1.6134763
1.6134137
1.6133529
1.6132928
1.6132313
1.6131706
1.6131094
1.6130464
1.6129863
1.6129237
1.612863
1.6128037
1.6127412
1.6126786
1.61262
1.6125572
1.6124971
1.6124359
1.6123767
1.6123146
1.6122531
1.6121907
1.6121299
1.612069
1.6120065
1.6119448
1.6118842
1.6118228
1.6117609
1.611698
1.6116382
1.6115739
1.6115144
1.6114526
1.6113898
1.6113253
1.6112661
1.6112065
1.6111419
1.6110789
1.6110166
1.6109539
1.6108927
1.61083
1.6107681
1.6107057
1.610645
1.6105821
1.61052
1.6104584
1.6103945
1.610333
1.6102712
1.6102062
1.610146
1.6100847
1.6100227
1.6099626